[WARN ] 2022-01-15 13:13:22 [restartedMain] o.m.s.mapper.ClassPathMapperScanner - Skipping MapperFactoryBean with name 'sysLogMapper' and 'com.example.myproject.mapper.aoplog.SysLogMapper' mapperInterface. Bean already defined with the same name!
[WARN ] 2022-01-15 13:13:22 [restartedMain] o.m.s.mapper.ClassPathMapperScanner - Skipping MapperFactoryBean with name 'jonMapper' and 'com.example.myproject.mapper.jonMapper' mapperInterface. Bean already defined with the same name!
[WARN ] 2022-01-15 13:13:22 [restartedMain] o.m.s.mapper.ClassPathMapperScanner - No MyBatis mapper was found in '[com.example.myproject.mapper]' package. Please check your configuration.
[WARN ] 2022-01-15 13:24:59 [restartedMain] o.m.s.mapper.ClassPathMapperScanner - Skipping MapperFactoryBean with name 'sysLogMapper' and 'com.example.myproject.mapper.aoplog.SysLogMapper' mapperInterface. Bean already defined with the same name!
[WARN ] 2022-01-15 13:24:59 [restartedMain] o.m.s.mapper.ClassPathMapperScanner - Skipping MapperFactoryBean with name 'jonMapper' and 'com.example.myproject.mapper.jonMapper' mapperInterface. Bean already defined with the same name!
[WARN ] 2022-01-15 13:24:59 [restartedMain] o.m.s.mapper.ClassPathMapperScanner - No MyBatis mapper was found in '[com.example.myproject.mapper]' package. Please check your configuration.
[WARN ] 2022-01-15 13:26:08 [restartedMain] o.m.s.mapper.ClassPathMapperScanner - Skipping MapperFactoryBean with name 'sysLogMapper' and 'com.example.myproject.mapper.aoplog.SysLogMapper' mapperInterface. Bean already defined with the same name!
[WARN ] 2022-01-15 13:26:08 [restartedMain] o.m.s.mapper.ClassPathMapperScanner - Skipping MapperFactoryBean with name 'jonMapper' and 'com.example.myproject.mapper.jonMapper' mapperInterface. Bean already defined with the same name!
[WARN ] 2022-01-15 13:26:08 [restartedMain] o.m.s.mapper.ClassPathMapperScanner - No MyBatis mapper was found in '[com.example.myproject.mapper]' package. Please check your configuration.
[WARN ] 2022-01-15 13:35:34 [restartedMain] o.m.s.mapper.ClassPathMapperScanner - Skipping MapperFactoryBean with name 'sysLogMapper' and 'com.example.myproject.mapper.aoplog.SysLogMapper' mapperInterface. Bean already defined with the same name!
[WARN ] 2022-01-15 13:35:34 [restartedMain] o.m.s.mapper.ClassPathMapperScanner - Skipping MapperFactoryBean with name 'jonMapper' and 'com.example.myproject.mapper.jonMapper' mapperInterface. Bean already defined with the same name!
[WARN ] 2022-01-15 13:35:34 [restartedMain] o.m.s.mapper.ClassPathMapperScanner - No MyBatis mapper was found in '[com.example.myproject.mapper]' package. Please check your configuration.
[WARN ] 2022-01-15 14:06:04 [restartedMain] o.m.s.mapper.ClassPathMapperScanner - Skipping MapperFactoryBean with name 'sysLogMapper' and 'com.example.myproject.mapper.aoplog.SysLogMapper' mapperInterface. Bean already defined with the same name!
[WARN ] 2022-01-15 14:06:04 [restartedMain] o.m.s.mapper.ClassPathMapperScanner - Skipping MapperFactoryBean with name 'jonMapper' and 'com.example.myproject.mapper.jonMapper' mapperInterface. Bean already defined with the same name!
[WARN ] 2022-01-15 14:06:04 [restartedMain] o.m.s.mapper.ClassPathMapperScanner - No MyBatis mapper was found in '[com.example.myproject.mapper]' package. Please check your configuration.
[WARN ] 2022-01-15 14:09:43 [restartedMain] o.m.s.mapper.ClassPathMapperScanner - Skipping MapperFactoryBean with name 'sysLogMapper' and 'com.example.myproject.mapper.aoplog.SysLogMapper' mapperInterface. Bean already defined with the same name!
[WARN ] 2022-01-15 14:09:43 [restartedMain] o.m.s.mapper.ClassPathMapperScanner - Skipping MapperFactoryBean with name 'jonMapper' and 'com.example.myproject.mapper.jonMapper' mapperInterface. Bean already defined with the same name!
[WARN ] 2022-01-15 14:09:43 [restartedMain] o.m.s.mapper.ClassPathMapperScanner - No MyBatis mapper was found in '[com.example.myproject.mapper]' package. Please check your configuration.
[WARN ] 2022-01-15 14:10:19 [restartedMain] o.m.s.mapper.ClassPathMapperScanner - Skipping MapperFactoryBean with name 'sysLogMapper' and 'com.example.myproject.mapper.aoplog.SysLogMapper' mapperInterface. Bean already defined with the same name!
[WARN ] 2022-01-15 14:10:19 [restartedMain] o.m.s.mapper.ClassPathMapperScanner - Skipping MapperFactoryBean with name 'jonMapper' and 'com.example.myproject.mapper.jonMapper' mapperInterface. Bean already defined with the same name!
[WARN ] 2022-01-15 14:10:19 [restartedMain] o.m.s.mapper.ClassPathMapperScanner - No MyBatis mapper was found in '[com.example.myproject.mapper]' package. Please check your configuration.
[WARN ] 2022-01-15 14:13:09 [restartedMain] o.m.s.mapper.ClassPathMapperScanner - Skipping MapperFactoryBean with name 'sysLogMapper' and 'com.example.myproject.mapper.aoplog.SysLogMapper' mapperInterface. Bean already defined with the same name!
[WARN ] 2022-01-15 14:13:09 [restartedMain] o.m.s.mapper.ClassPathMapperScanner - Skipping MapperFactoryBean with name 'jonMapper' and 'com.example.myproject.mapper.jonMapper' mapperInterface. Bean already defined with the same name!
[WARN ] 2022-01-15 14:13:09 [restartedMain] o.m.s.mapper.ClassPathMapperScanner - No MyBatis mapper was found in '[com.example.myproject.mapper]' package. Please check your configuration.
[WARN ] 2022-01-15 14:16:35 [restartedMain] o.m.s.mapper.ClassPathMapperScanner - Skipping MapperFactoryBean with name 'sysLogMapper' and 'com.example.myproject.mapper.aoplog.SysLogMapper' mapperInterface. Bean already defined with the same name!
[WARN ] 2022-01-15 14:16:35 [restartedMain] o.m.s.mapper.ClassPathMapperScanner - Skipping MapperFactoryBean with name 'jonMapper' and 'com.example.myproject.mapper.jonMapper' mapperInterface. Bean already defined with the same name!
[WARN ] 2022-01-15 14:16:35 [restartedMain] o.m.s.mapper.ClassPathMapperScanner - No MyBatis mapper was found in '[com.example.myproject.mapper]' package. Please check your configuration.
[WARN ] 2022-01-15 14:16:35 [http-nio-9099-exec-1] o.s.w.s.m.s.DefaultHandlerExceptionResolver - Resolved [org.springframework.http.converter.HttpMessageNotReadableException: Required request body is missing: public com.example.myproject.common.AjaxResult<java.lang.Object> com.example.myproject.swagger2.controller.HelloWorldController.list(com.example.myproject.swagger2.pro.BizComponent)]
[WARN ] 2022-01-15 14:18:20 [restartedMain] o.m.s.mapper.ClassPathMapperScanner - Skipping MapperFactoryBean with name 'sysLogMapper' and 'com.example.myproject.mapper.aoplog.SysLogMapper' mapperInterface. Bean already defined with the same name!
[WARN ] 2022-01-15 14:18:20 [restartedMain] o.m.s.mapper.ClassPathMapperScanner - Skipping MapperFactoryBean with name 'jonMapper' and 'com.example.myproject.mapper.jonMapper' mapperInterface. Bean already defined with the same name!
[WARN ] 2022-01-15 14:18:20 [restartedMain] o.m.s.mapper.ClassPathMapperScanner - No MyBatis mapper was found in '[com.example.myproject.mapper]' package. Please check your configuration.
[WARN ] 2022-01-15 14:18:53 [restartedMain] o.m.s.mapper.ClassPathMapperScanner - Skipping MapperFactoryBean with name 'sysLogMapper' and 'com.example.myproject.mapper.aoplog.SysLogMapper' mapperInterface. Bean already defined with the same name!
[WARN ] 2022-01-15 14:18:53 [restartedMain] o.m.s.mapper.ClassPathMapperScanner - Skipping MapperFactoryBean with name 'jonMapper' and 'com.example.myproject.mapper.jonMapper' mapperInterface. Bean already defined with the same name!
[WARN ] 2022-01-15 14:18:53 [restartedMain] o.m.s.mapper.ClassPathMapperScanner - No MyBatis mapper was found in '[com.example.myproject.mapper]' package. Please check your configuration.
[WARN ] 2022-01-15 14:18:53 [http-nio-9099-exec-8] o.s.w.s.m.s.DefaultHandlerExceptionResolver - Resolved [org.springframework.http.converter.HttpMessageNotReadableException: Required request body is missing: public com.example.myproject.common.AjaxResult<java.lang.Object> com.example.myproject.swagger2.controller.HelloWorldController.list(com.example.myproject.swagger2.pro.BizComponent)]
[WARN ] 2022-01-15 14:18:53 [http-nio-9099-exec-4] o.s.w.s.m.s.DefaultHandlerExceptionResolver - Resolved [org.springframework.http.converter.HttpMessageNotReadableException: Required request body is missing: public com.example.myproject.common.AjaxResult<java.lang.Object> com.example.myproject.swagger2.controller.HelloWorldController.list(com.example.myproject.swagger2.pro.BizComponent)]
[WARN ] 2022-01-15 14:18:53 [http-nio-9099-exec-10] o.s.w.s.m.s.DefaultHandlerExceptionResolver - Resolved [org.springframework.http.converter.HttpMessageNotReadableException: Required request body is missing: public com.example.myproject.common.AjaxResult<java.lang.Object> com.example.myproject.swagger2.controller.HelloWorldController.list(com.example.myproject.swagger2.pro.BizComponent)]
[WARN ] 2022-01-15 14:26:07 [restartedMain] o.m.s.mapper.ClassPathMapperScanner - Skipping MapperFactoryBean with name 'sysLogMapper' and 'com.example.myproject.mapper.aoplog.SysLogMapper' mapperInterface. Bean already defined with the same name!
[WARN ] 2022-01-15 14:26:07 [restartedMain] o.m.s.mapper.ClassPathMapperScanner - Skipping MapperFactoryBean with name 'jonMapper' and 'com.example.myproject.mapper.jonMapper' mapperInterface. Bean already defined with the same name!
[WARN ] 2022-01-15 14:26:07 [restartedMain] o.m.s.mapper.ClassPathMapperScanner - No MyBatis mapper was found in '[com.example.myproject.mapper]' package. Please check your configuration.
[WARN ] 2022-01-15 14:26:07 [http-nio-9099-exec-8] o.s.w.s.m.s.DefaultHandlerExceptionResolver - Resolved [org.springframework.http.converter.HttpMessageNotReadableException: Required request body is missing: public com.example.myproject.common.AjaxResult<java.lang.Object> com.example.myproject.swagger2.controller.HelloWorldController.list(com.example.myproject.swagger2.pro.BizComponent)]
[WARN ] 2022-01-15 14:27:18 [restartedMain] o.m.s.mapper.ClassPathMapperScanner - Skipping MapperFactoryBean with name 'sysLogMapper' and 'com.example.myproject.mapper.aoplog.SysLogMapper' mapperInterface. Bean already defined with the same name!
[WARN ] 2022-01-15 14:27:18 [restartedMain] o.m.s.mapper.ClassPathMapperScanner - Skipping MapperFactoryBean with name 'jonMapper' and 'com.example.myproject.mapper.jonMapper' mapperInterface. Bean already defined with the same name!
[WARN ] 2022-01-15 14:27:18 [restartedMain] o.m.s.mapper.ClassPathMapperScanner - No MyBatis mapper was found in '[com.example.myproject.mapper]' package. Please check your configuration.
[WARN ] 2022-01-15 14:27:50 [restartedMain] o.m.s.mapper.ClassPathMapperScanner - Skipping MapperFactoryBean with name 'sysLogMapper' and 'com.example.myproject.mapper.aoplog.SysLogMapper' mapperInterface. Bean already defined with the same name!
[WARN ] 2022-01-15 14:27:50 [restartedMain] o.m.s.mapper.ClassPathMapperScanner - Skipping MapperFactoryBean with name 'jonMapper' and 'com.example.myproject.mapper.jonMapper' mapperInterface. Bean already defined with the same name!
[WARN ] 2022-01-15 14:27:50 [restartedMain] o.m.s.mapper.ClassPathMapperScanner - No MyBatis mapper was found in '[com.example.myproject.mapper]' package. Please check your configuration.
[WARN ] 2022-01-15 14:27:50 [http-nio-9099-exec-1] o.s.w.s.m.s.DefaultHandlerExceptionResolver - Resolved [org.springframework.http.converter.HttpMessageNotReadableException: Required request body is missing: public com.example.myproject.common.AjaxResult<java.lang.Object> com.example.myproject.swagger2.controller.HelloWorldController.list(com.example.myproject.swagger2.pro.BizComponent)]
[WARN ] 2022-01-15 14:28:54 [restartedMain] o.m.s.mapper.ClassPathMapperScanner - Skipping MapperFactoryBean with name 'sysLogMapper' and 'com.example.myproject.mapper.aoplog.SysLogMapper' mapperInterface. Bean already defined with the same name!
[WARN ] 2022-01-15 14:28:54 [restartedMain] o.m.s.mapper.ClassPathMapperScanner - Skipping MapperFactoryBean with name 'jonMapper' and 'com.example.myproject.mapper.jonMapper' mapperInterface. Bean already defined with the same name!
[WARN ] 2022-01-15 14:28:54 [restartedMain] o.m.s.mapper.ClassPathMapperScanner - No MyBatis mapper was found in '[com.example.myproject.mapper]' package. Please check your configuration.
[WARN ] 2022-01-15 14:28:54 [http-nio-9099-exec-1] o.s.w.s.m.s.DefaultHandlerExceptionResolver - Resolved [org.springframework.http.converter.HttpMessageNotReadableException: Required request body is missing: public java.lang.String com.example.myproject.swagger2.controller.HelloWorldController.list(com.example.myproject.swagger2.pro.BizComponent)]
[WARN ] 2022-01-15 14:30:07 [restartedMain] o.m.s.mapper.ClassPathMapperScanner - Skipping MapperFactoryBean with name 'sysLogMapper' and 'com.example.myproject.mapper.aoplog.SysLogMapper' mapperInterface. Bean already defined with the same name!
[WARN ] 2022-01-15 14:30:07 [restartedMain] o.m.s.mapper.ClassPathMapperScanner - Skipping MapperFactoryBean with name 'jonMapper' and 'com.example.myproject.mapper.jonMapper' mapperInterface. Bean already defined with the same name!
[WARN ] 2022-01-15 14:30:07 [restartedMain] o.m.s.mapper.ClassPathMapperScanner - No MyBatis mapper was found in '[com.example.myproject.mapper]' package. Please check your configuration.
[WARN ] 2022-01-15 14:30:07 [http-nio-9099-exec-1] o.s.w.s.m.s.DefaultHandlerExceptionResolver - Resolved [org.springframework.http.converter.HttpMessageNotReadableException: Required request body is missing: public java.lang.String com.example.myproject.swagger2.controller.HelloWorldController.list(com.example.myproject.swagger2.pro.BizComponent)]
[WARN ] 2022-01-15 14:30:07 [http-nio-9099-exec-2] o.s.w.s.m.s.DefaultHandlerExceptionResolver - Resolved [org.springframework.http.converter.HttpMessageNotReadableException: Required request body is missing: public java.lang.String com.example.myproject.swagger2.controller.HelloWorldController.list(com.example.myproject.swagger2.pro.BizComponent)]
[WARN ] 2022-01-15 14:30:07 [http-nio-9099-exec-4] o.s.w.s.m.s.DefaultHandlerExceptionResolver - Resolved [org.springframework.http.converter.HttpMessageNotReadableException: Required request body is missing: public java.lang.String com.example.myproject.swagger2.controller.HelloWorldController.list(com.example.myproject.swagger2.pro.BizComponent)]
[WARN ] 2022-01-15 14:30:07 [http-nio-9099-exec-3] o.s.w.s.m.s.DefaultHandlerExceptionResolver - Resolved [org.springframework.http.converter.HttpMessageNotReadableException: Required request body is missing: public java.lang.String com.example.myproject.swagger2.controller.HelloWorldController.list(com.example.myproject.swagger2.pro.BizComponent)]
[WARN ] 2022-01-15 14:34:04 [restartedMain] o.m.s.mapper.ClassPathMapperScanner - Skipping MapperFactoryBean with name 'sysLogMapper' and 'com.example.myproject.mapper.aoplog.SysLogMapper' mapperInterface. Bean already defined with the same name!
[WARN ] 2022-01-15 14:34:04 [restartedMain] o.m.s.mapper.ClassPathMapperScanner - Skipping MapperFactoryBean with name 'jonMapper' and 'com.example.myproject.mapper.jonMapper' mapperInterface. Bean already defined with the same name!
[WARN ] 2022-01-15 14:34:04 [restartedMain] o.m.s.mapper.ClassPathMapperScanner - No MyBatis mapper was found in '[com.example.myproject.mapper]' package. Please check your configuration.
[WARN ] 2022-01-15 14:36:09 [restartedMain] o.m.s.mapper.ClassPathMapperScanner - Skipping MapperFactoryBean with name 'sysLogMapper' and 'com.example.myproject.mapper.aoplog.SysLogMapper' mapperInterface. Bean already defined with the same name!
[WARN ] 2022-01-15 14:36:09 [restartedMain] o.m.s.mapper.ClassPathMapperScanner - Skipping MapperFactoryBean with name 'jonMapper' and 'com.example.myproject.mapper.jonMapper' mapperInterface. Bean already defined with the same name!
[WARN ] 2022-01-15 14:36:09 [restartedMain] o.m.s.mapper.ClassPathMapperScanner - No MyBatis mapper was found in '[com.example.myproject.mapper]' package. Please check your configuration.
[WARN ] 2022-01-15 14:38:39 [restartedMain] o.m.s.mapper.ClassPathMapperScanner - Skipping MapperFactoryBean with name 'sysLogMapper' and 'com.example.myproject.mapper.aoplog.SysLogMapper' mapperInterface. Bean already defined with the same name!
[WARN ] 2022-01-15 14:38:39 [restartedMain] o.m.s.mapper.ClassPathMapperScanner - Skipping MapperFactoryBean with name 'jonMapper' and 'com.example.myproject.mapper.jonMapper' mapperInterface. Bean already defined with the same name!
[WARN ] 2022-01-15 14:38:39 [restartedMain] o.m.s.mapper.ClassPathMapperScanner - No MyBatis mapper was found in '[com.example.myproject.mapper]' package. Please check your configuration.
[WARN ] 2022-01-15 14:39:35 [restartedMain] o.m.s.mapper.ClassPathMapperScanner - Skipping MapperFactoryBean with name 'sysLogMapper' and 'com.example.myproject.mapper.aoplog.SysLogMapper' mapperInterface. Bean already defined with the same name!
[WARN ] 2022-01-15 14:39:35 [restartedMain] o.m.s.mapper.ClassPathMapperScanner - Skipping MapperFactoryBean with name 'jonMapper' and 'com.example.myproject.mapper.jonMapper' mapperInterface. Bean already defined with the same name!
[WARN ] 2022-01-15 14:39:35 [restartedMain] o.m.s.mapper.ClassPathMapperScanner - No MyBatis mapper was found in '[com.example.myproject.mapper]' package. Please check your configuration.
[WARN ] 2022-01-15 14:40:35 [restartedMain] o.m.s.mapper.ClassPathMapperScanner - Skipping MapperFactoryBean with name 'sysLogMapper' and 'com.example.myproject.mapper.aoplog.SysLogMapper' mapperInterface. Bean already defined with the same name!
[WARN ] 2022-01-15 14:40:35 [restartedMain] o.m.s.mapper.ClassPathMapperScanner - Skipping MapperFactoryBean with name 'jonMapper' and 'com.example.myproject.mapper.jonMapper' mapperInterface. Bean already defined with the same name!
[WARN ] 2022-01-15 14:40:35 [restartedMain] o.m.s.mapper.ClassPathMapperScanner - No MyBatis mapper was found in '[com.example.myproject.mapper]' package. Please check your configuration.
[WARN ] 2022-01-15 14:42:34 [restartedMain] o.m.s.mapper.ClassPathMapperScanner - Skipping MapperFactoryBean with name 'sysLogMapper' and 'com.example.myproject.mapper.aoplog.SysLogMapper' mapperInterface. Bean already defined with the same name!
[WARN ] 2022-01-15 14:42:34 [restartedMain] o.m.s.mapper.ClassPathMapperScanner - Skipping MapperFactoryBean with name 'jonMapper' and 'com.example.myproject.mapper.jonMapper' mapperInterface. Bean already defined with the same name!
[WARN ] 2022-01-15 14:42:34 [restartedMain] o.m.s.mapper.ClassPathMapperScanner - No MyBatis mapper was found in '[com.example.myproject.mapper]' package. Please check your configuration.
[WARN ] 2022-01-15 14:49:29 [restartedMain] o.m.s.mapper.ClassPathMapperScanner - Skipping MapperFactoryBean with name 'sysLogMapper' and 'com.example.myproject.mapper.aoplog.SysLogMapper' mapperInterface. Bean already defined with the same name!
[WARN ] 2022-01-15 14:49:29 [restartedMain] o.m.s.mapper.ClassPathMapperScanner - Skipping MapperFactoryBean with name 'jonMapper' and 'com.example.myproject.mapper.jonMapper' mapperInterface. Bean already defined with the same name!
[WARN ] 2022-01-15 14:49:29 [restartedMain] o.m.s.mapper.ClassPathMapperScanner - No MyBatis mapper was found in '[com.example.myproject.mapper]' package. Please check your configuration.
[WARN ] 2022-01-15 14:55:23 [restartedMain] o.m.s.mapper.ClassPathMapperScanner - Skipping MapperFactoryBean with name 'sysLogMapper' and 'com.example.myproject.mapper.aoplog.SysLogMapper' mapperInterface. Bean already defined with the same name!
[WARN ] 2022-01-15 14:55:23 [restartedMain] o.m.s.mapper.ClassPathMapperScanner - Skipping MapperFactoryBean with name 'jonMapper' and 'com.example.myproject.mapper.jonMapper' mapperInterface. Bean already defined with the same name!
[WARN ] 2022-01-15 14:55:23 [restartedMain] o.m.s.mapper.ClassPathMapperScanner - No MyBatis mapper was found in '[com.example.myproject.mapper]' package. Please check your configuration.
[WARN ] 2022-01-15 15:01:35 [restartedMain] o.m.s.mapper.ClassPathMapperScanner - Skipping MapperFactoryBean with name 'sysLogMapper' and 'com.example.myproject.mapper.aoplog.SysLogMapper' mapperInterface. Bean already defined with the same name!
[WARN ] 2022-01-15 15:01:35 [restartedMain] o.m.s.mapper.ClassPathMapperScanner - Skipping MapperFactoryBean with name 'jonMapper' and 'com.example.myproject.mapper.jonMapper' mapperInterface. Bean already defined with the same name!
[WARN ] 2022-01-15 15:01:35 [restartedMain] o.m.s.mapper.ClassPathMapperScanner - No MyBatis mapper was found in '[com.example.myproject.mapper]' package. Please check your configuration.
[WARN ] 2022-01-15 15:04:03 [restartedMain] o.m.s.mapper.ClassPathMapperScanner - Skipping MapperFactoryBean with name 'sysLogMapper' and 'com.example.myproject.mapper.aoplog.SysLogMapper' mapperInterface. Bean already defined with the same name!
[WARN ] 2022-01-15 15:04:03 [restartedMain] o.m.s.mapper.ClassPathMapperScanner - Skipping MapperFactoryBean with name 'jonMapper' and 'com.example.myproject.mapper.jonMapper' mapperInterface. Bean already defined with the same name!
[WARN ] 2022-01-15 15:04:03 [restartedMain] o.m.s.mapper.ClassPathMapperScanner - No MyBatis mapper was found in '[com.example.myproject.mapper]' package. Please check your configuration.
[WARN ] 2022-01-15 15:14:24 [restartedMain] o.m.s.mapper.ClassPathMapperScanner - Skipping MapperFactoryBean with name 'sysLogMapper' and 'com.example.myproject.mapper.aoplog.SysLogMapper' mapperInterface. Bean already defined with the same name!
[WARN ] 2022-01-15 15:14:24 [restartedMain] o.m.s.mapper.ClassPathMapperScanner - Skipping MapperFactoryBean with name 'jonMapper' and 'com.example.myproject.mapper.jonMapper' mapperInterface. Bean already defined with the same name!
[WARN ] 2022-01-15 15:14:24 [restartedMain] o.m.s.mapper.ClassPathMapperScanner - No MyBatis mapper was found in '[com.example.myproject.mapper]' package. Please check your configuration.
[WARN ] 2022-01-15 15:20:06 [restartedMain] o.m.s.mapper.ClassPathMapperScanner - Skipping MapperFactoryBean with name 'sysLogMapper' and 'com.example.myproject.mapper.aoplog.SysLogMapper' mapperInterface. Bean already defined with the same name!
[WARN ] 2022-01-15 15:20:06 [restartedMain] o.m.s.mapper.ClassPathMapperScanner - Skipping MapperFactoryBean with name 'jonMapper' and 'com.example.myproject.mapper.jonMapper' mapperInterface. Bean already defined with the same name!
[WARN ] 2022-01-15 15:20:06 [restartedMain] o.m.s.mapper.ClassPathMapperScanner - No MyBatis mapper was found in '[com.example.myproject.mapper]' package. Please check your configuration.
[WARN ] 2022-01-15 15:22:42 [restartedMain] o.m.s.mapper.ClassPathMapperScanner - Skipping MapperFactoryBean with name 'sysLogMapper' and 'com.example.myproject.mapper.aoplog.SysLogMapper' mapperInterface. Bean already defined with the same name!
[WARN ] 2022-01-15 15:22:42 [restartedMain] o.m.s.mapper.ClassPathMapperScanner - Skipping MapperFactoryBean with name 'jonMapper' and 'com.example.myproject.mapper.jonMapper' mapperInterface. Bean already defined with the same name!
[WARN ] 2022-01-15 15:22:42 [restartedMain] o.m.s.mapper.ClassPathMapperScanner - No MyBatis mapper was found in '[com.example.myproject.mapper]' package. Please check your configuration.
[WARN ] 2022-01-15 15:23:30 [restartedMain] o.m.s.mapper.ClassPathMapperScanner - Skipping MapperFactoryBean with name 'sysLogMapper' and 'com.example.myproject.mapper.aoplog.SysLogMapper' mapperInterface. Bean already defined with the same name!
[WARN ] 2022-01-15 15:23:30 [restartedMain] o.m.s.mapper.ClassPathMapperScanner - Skipping MapperFactoryBean with name 'jonMapper' and 'com.example.myproject.mapper.jonMapper' mapperInterface. Bean already defined with the same name!
[WARN ] 2022-01-15 15:23:30 [restartedMain] o.m.s.mapper.ClassPathMapperScanner - No MyBatis mapper was found in '[com.example.myproject.mapper]' package. Please check your configuration.
[WARN ] 2022-01-15 15:25:42 [restartedMain] o.m.s.mapper.ClassPathMapperScanner - Skipping MapperFactoryBean with name 'sysLogMapper' and 'com.example.myproject.mapper.aoplog.SysLogMapper' mapperInterface. Bean already defined with the same name!
[WARN ] 2022-01-15 15:25:42 [restartedMain] o.m.s.mapper.ClassPathMapperScanner - Skipping MapperFactoryBean with name 'jonMapper' and 'com.example.myproject.mapper.jonMapper' mapperInterface. Bean already defined with the same name!
[WARN ] 2022-01-15 15:25:42 [restartedMain] o.m.s.mapper.ClassPathMapperScanner - No MyBatis mapper was found in '[com.example.myproject.mapper]' package. Please check your configuration.
[WARN ] 2022-01-15 15:29:30 [restartedMain] o.m.s.mapper.ClassPathMapperScanner - Skipping MapperFactoryBean with name 'sysLogMapper' and 'com.example.myproject.mapper.aoplog.SysLogMapper' mapperInterface. Bean already defined with the same name!
[WARN ] 2022-01-15 15:29:30 [restartedMain] o.m.s.mapper.ClassPathMapperScanner - Skipping MapperFactoryBean with name 'jonMapper' and 'com.example.myproject.mapper.jonMapper' mapperInterface. Bean already defined with the same name!
[WARN ] 2022-01-15 15:29:30 [restartedMain] o.m.s.mapper.ClassPathMapperScanner - No MyBatis mapper was found in '[com.example.myproject.mapper]' package. Please check your configuration.
